Arguments: 
  /Users/yk/.nvm/versions/node/v11.2.0/bin/node /usr/local/Cellar/yarn/1.10.1/libexec/bin/yarn.js publish

PATH: 
  /Users/yk/.nvm/versions/node/v11.2.0/bin:/anaconda3/bin:/usr/local/sbin:/Library/Frameworks/Python.framework/Versions/3.6/bin:/usr/local/bin:/usr/bin:/bin:/usr/sbin:/sbin:/Library/TeX/texbin:/usr/local/go/bin:/anaconda3/bin:/usr/local/sbin:/Library/Frameworks/Python.framework/Versions/3.6/bin:/usr/local/opt/fzf/bin

Yarn version: 
  1.10.1

Node version: 
  11.2.0

Platform: 
  darwin x64

Trace: 
  Error: https://registry.yarnpkg.com/-/user/org.couchdb.user:easy-polling: That email has already been registered.
      at Request.params.callback [as _callback] (/usr/local/Cellar/yarn/1.10.1/libexec/lib/cli.js:61073:18)
      at Request.self.callback (/usr/local/Cellar/yarn/1.10.1/libexec/lib/cli.js:120166:22)
      at Request.emit (events.js:182:13)
      at Request.<anonymous> (/usr/local/Cellar/yarn/1.10.1/libexec/lib/cli.js:121138:10)
      at Request.emit (events.js:182:13)
      at IncomingMessage.<anonymous> (/usr/local/Cellar/yarn/1.10.1/libexec/lib/cli.js:121060:12)
      at Object.onceWrapper (events.js:273:13)
      at IncomingMessage.emit (events.js:187:15)
      at endReadableNT (_stream_readable.js:1098:12)
      at process.internalTickCallback (internal/process/next_tick.js:72:19)

npm manifest: 
  {
    "name": "use-polling",
    "version": "0.0.1",
    "main": "index.js",
    "author": "YangKui <c6swift@gmail.com>",
    "license": "MIT",
    "dependencies": {}
  }

yarn manifest: 
  No manifest

Lockfile: 
  # THIS IS AN AUTOGENERATED FILE. DO NOT EDIT THIS FILE DIRECTLY.
  # yarn lockfile v1
